<?xml version="1.0" encoding="UTF-8"?>
<!-- Generated by org.testng.reporters.JUnitReportReporter -->
<testsuite hostname="sachin" failures="0" tests="2" name="____neoStoxTestClasses.ValidateNeoStoxUserName" time="17.962" errors="0" timestamp="2023-01-13T22:42:58 IST" skipped="0">
  <testcase classname="____neoStoxTestClasses.ValidateNeoStoxUserName" name="validateACBalance" time="10.812"/>
  <system-out>
    <![CDATA[getting AC Balance
Account balance is Rs.5,00,000.00
TC validateACBalance passed
taking screenshot 
screenshot taken and saved at C:\Users\banso\Desktop\software testing\screenshot\validateACBalance.png]]>
  </system-out>
  <testcase classname="____neoStoxTestClasses.ValidateNeoStoxUserName" name="validateUserName" time="7.150"/>
  <system-out>
    <![CDATA[getting actual user name
Actual user name is-->Hi Sachin Bansode
Reading data from NeoStoxProperties.properties file
data is Hi Sachin Bansode
TC validateUserName passed
taking screenshot 
screenshot taken and saved at C:\Users\banso\Desktop\software testing\screenshot\validateUserName.png]]>
  </system-out>
</testsuite> <!-- ____neoStoxTestClasses.ValidateNeoStoxUserName -->
